<?xml version="1.0" encoding="UTF-8"?>
<!-- Generated by org.testng.reporters.JUnitReportReporter -->
<testsuite hostname="PC337116" name="sample.Warning_Label_AmericanSpirits_001" tests="1" failures="0" timestamp="15 Apr 2019 12:58:10 GMT" time="0.005" errors="0">
  <testcase name="testjobs" time="0.005" classname="sample.Warning_Label_AmericanSpirits_001"/>
</testsuite> <!-- sample.Warning_Label_AmericanSpirits_001 -->
